Command line invocation:
    /Applications/Xcode.app/Contents/Developer/usr/bin/xcodebuild -project client_ios/demo/demo.xcodeproj -scheme demo -sdk iphonesimulator -configuration Release ONLY_ACTIVE_ARCH=NO

User defaults from command line:
    IDEPackageSupportUseBuiltinSCM = YES

Build settings from command line:
    ONLY_ACTIVE_ARCH = NO
    SDKROOT = iphonesimulator18.2

Prepare packages

ComputeTargetDependencyGraph
note: Building targets in dependency order
note: Target dependency graph (2 targets)
    Target 'demo' in project 'demo'
        ➜ Implicit dependency on target 'demo-app-clip' in project 'demo' via file 'demo-app-clip.app' in build phase 'Copy Files'
    Target 'demo-app-clip' in project 'demo' (no dependencies)

GatherProvisioningInputs

CreateBuildDescription

ExecuteExternalTool /Applications/Xcode.app/Contents/Developer/usr/bin/actool --print-asset-tag-combinations --output-format xml1 /Users/shufflebottomhogwood/Code/web-prover/client_ios/demo/demo/Assets.xcassets /Users/shufflebottomhogwood/Code/web-prover/client_ios/demo/demo/Preview Content/Preview Assets.xcassets

ExecuteExternalTool /Applications/Xcode.app/Contents/Developer/Toolchains/XcodeDefault.xctoolchain/usr/bin/clang -v -E -dM -isysroot /Applications/Xcode.app/Contents/Developer/Platforms/iPhoneSimulator.platform/Developer/SDKs/iPhoneSimulator18.2.sdk -x c -c /dev/null

ExecuteExternalTool /Applications/Xcode.app/Contents/Developer/usr/bin/actool --version --output-format xml1

ExecuteExternalTool /Applications/Xcode.app/Contents/Developer/Toolchains/XcodeDefault.xctoolchain/usr/bin/swiftc --version

ExecuteExternalTool /Applications/Xcode.app/Contents/Developer/Toolchains/XcodeDefault.xctoolchain/usr/bin/ld -version_details

Build description signature: abab94810696c0f6be2c361de3a4beae
Build description path: /Users/shufflebottomhogwood/Library/Developer/Xcode/DerivedData/demo-hcjxrysczbrnndavuptmbgncorlu/Build/Intermediates.noindex/XCBuildData/abab94810696c0f6be2c361de3a4beae.xcbuilddata
ClangStatCache /Applications/Xcode.app/Contents/Developer/Toolchains/XcodeDefault.xctoolchain/usr/bin/clang-stat-cache /Applications/Xcode.app/Contents/Developer/Platforms/iPhoneSimulator.platform/Developer/SDKs/iPhoneSimulator18.2.sdk /Users/shufflebottomhogwood/Library/Developer/Xcode/DerivedData/SDKStatCaches.noindex/iphonesimulator18.2-22C146-07b28473f605e47e75261259d3ef3b5a.sdkstatcache
    cd /Users/shufflebottomhogwood/Code/web-prover/client_ios/demo/demo.xcodeproj
    /Applications/Xcode.app/Contents/Developer/Toolchains/XcodeDefault.xctoolchain/usr/bin/clang-stat-cache /Applications/Xcode.app/Contents/Developer/Platforms/iPhoneSimulator.platform/Developer/SDKs/iPhoneSimulator18.2.sdk -o /Users/shufflebottomhogwood/Library/Developer/Xcode/DerivedData/SDKStatCaches.noindex/iphonesimulator18.2-22C146-07b28473f605e47e75261259d3ef3b5a.sdkstatcache

ValidateDevelopmentAssets /Users/shufflebottomhogwood/Library/Developer/Xcode/DerivedData/demo-hcjxrysczbrnndavuptmbgncorlu/Build/Intermediates.noindex/demo.build/Release-iphonesimulator/demo-app-clip.build (in target 'demo-app-clip' from project 'demo')
    cd /Users/shufflebottomhogwood/Code/web-prover/client_ios/demo
    builtin-validate-development-assets --validate YES_ERROR /Users/shufflebottomhogwood/Code/web-prover/client_ios/demo/demo-app-clip/Preview\ Content
/Users/shufflebottomhogwood/Code/web-prover/client_ios/demo/demo.xcodeproj: error: One of the paths in DEVELOPMENT_ASSET_PATHS does not exist: /Users/shufflebottomhogwood/Code/web-prover/client_ios/demo/demo-app-clip/Preview Content (in target 'demo-app-clip' from project 'demo')

ProcessProductPackaging /Users/shufflebottomhogwood/Code/web-prover/client_ios/demo/demo/demo.entitlements /Users/shufflebottomhogwood/Library/Developer/Xcode/DerivedData/demo-hcjxrysczbrnndavuptmbgncorlu/Build/Intermediates.noindex/demo.build/Release-iphonesimulator/demo.build/demo.app.xcent (in target 'demo' from project 'demo')
    cd /Users/shufflebottomhogwood/Code/web-prover/client_ios/demo
    
    Entitlements:
    
    {
}
    
    builtin-productPackagingUtility /Users/shufflebottomhogwood/Code/web-prover/client_ios/demo/demo/demo.entitlements -entitlements -format xml -o /Users/shufflebottomhogwood/Library/Developer/Xcode/DerivedData/demo-hcjxrysczbrnndavuptmbgncorlu/Build/Intermediates.noindex/demo.build/Release-iphonesimulator/demo.build/demo.app.xcent

ProcessProductPackaging /Users/shufflebottomhogwood/Code/web-prover/client_ios/demo/demo-app-clip/demo-app-clip.entitlements /Users/shufflebottomhogwood/Library/Developer/Xcode/DerivedData/demo-hcjxrysczbrnndavuptmbgncorlu/Build/Intermediates.noindex/demo.build/Release-iphonesimulator/demo-app-clip.build/demo-app-clip.app-Simulated.xcent (in target 'demo-app-clip' from project 'demo')
    cd /Users/shufflebottomhogwood/Code/web-prover/client_ios/demo
    
    Entitlements:
    
    {
    "application-identifier" = "669AYKHVLZ.demo-harness.clip";
    "com.apple.developer.on-demand-install-capable" = 1;
}
    
    builtin-productPackagingUtility /Users/shufflebottomhogwood/Code/web-prover/client_ios/demo/demo-app-clip/demo-app-clip.entitlements -entitlements -format xml -o /Users/shufflebottomhogwood/Library/Developer/Xcode/DerivedData/demo-hcjxrysczbrnndavuptmbgncorlu/Build/Intermediates.noindex/demo.build/Release-iphonesimulator/demo-app-clip.build/demo-app-clip.app-Simulated.xcent
error: Build input file cannot be found: '/Users/shufflebottomhogwood/Code/web-prover/client_ios/demo/demo-app-clip/demo-app-clip.entitlements'. Did you forget to declare this file as an output of a script phase or custom build rule which produces it? (in target 'demo-app-clip' from project 'demo')

ProcessProductPackaging /Users/shufflebottomhogwood/Code/web-prover/client_ios/demo/demo/demo.entitlements /Users/shufflebottomhogwood/Library/Developer/Xcode/DerivedData/demo-hcjxrysczbrnndavuptmbgncorlu/Build/Intermediates.noindex/demo.build/Release-iphonesimulator/demo.build/demo.app-Simulated.xcent (in target 'demo' from project 'demo')
    cd /Users/shufflebottomhogwood/Code/web-prover/client_ios/demo
    
    Entitlements:
    
    {
    "application-identifier" = "669AYKHVLZ.demo-harness";
}
    
    builtin-productPackagingUtility /Users/shufflebottomhogwood/Code/web-prover/client_ios/demo/demo/demo.entitlements -entitlements -format xml -o /Users/shufflebottomhogwood/Library/Developer/Xcode/DerivedData/demo-hcjxrysczbrnndavuptmbgncorlu/Build/Intermediates.noindex/demo.build/Release-iphonesimulator/demo.build/demo.app-Simulated.xcent

ProcessProductPackaging /Users/shufflebottomhogwood/Code/web-prover/client_ios/demo/demo-app-clip/demo-app-clip.entitlements /Users/shufflebottomhogwood/Library/Developer/Xcode/DerivedData/demo-hcjxrysczbrnndavuptmbgncorlu/Build/Intermediates.noindex/demo.build/Release-iphonesimulator/demo-app-clip.build/demo-app-clip.app.xcent (in target 'demo-app-clip' from project 'demo')
    cd /Users/shufflebottomhogwood/Code/web-prover/client_ios/demo
    
    Entitlements:
    
    {
}
    
    builtin-productPackagingUtility /Users/shufflebottomhogwood/Code/web-prover/client_ios/demo/demo-app-clip/demo-app-clip.entitlements -entitlements -format xml -o /Users/shufflebottomhogwood/Library/Developer/Xcode/DerivedData/demo-hcjxrysczbrnndavuptmbgncorlu/Build/Intermediates.noindex/demo.build/Release-iphonesimulator/demo-app-clip.build/demo-app-clip.app.xcent
error: Build input file cannot be found: '/Users/shufflebottomhogwood/Code/web-prover/client_ios/demo/demo-app-clip/demo-app-clip.entitlements'. Did you forget to declare this file as an output of a script phase or custom build rule which produces it? (in target 'demo-app-clip' from project 'demo')

note: Disabling previews because SWIFT_VERSION is set and SWIFT_OPTIMIZATION_LEVEL=-O, expected -Onone (in target 'demo-app-clip' from project 'demo')
note: '/Users/shufflebottomhogwood/Code/web-prover/target/aarch64-apple-ios-sim/release/libclient_ios.xcframework' is missing architecture(s) required by this target (x86_64), but may still be link-compatible. (in target 'demo-app-clip' from project 'demo')
note: '/Users/shufflebottomhogwood/Code/web-prover/target/aarch64-apple-ios-sim/release/libclient_ios.xcframework' is missing architecture(s) required by this target (x86_64), but may still be link-compatible. (in target 'demo-app-clip' from project 'demo')
note: Disabling previews because SWIFT_VERSION is set and SWIFT_OPTIMIZATION_LEVEL=-O, expected -Onone (in target 'demo' from project 'demo')
note: '/Users/shufflebottomhogwood/Code/web-prover/target/aarch64-apple-ios-sim/release/libclient_ios.xcframework' is missing architecture(s) required by this target (x86_64), but may still be link-compatible. (in target 'demo' from project 'demo')
note: '/Users/shufflebottomhogwood/Code/web-prover/target/aarch64-apple-ios-sim/release/libclient_ios.xcframework' is missing architecture(s) required by this target (x86_64), but may still be link-compatible. (in target 'demo' from project 'demo')
